This file contains any messages produced by compilers while
running configure, to aid debugging if configure makes a mistake.

It was created by p4-build configure 0.1, which was
generated by GNU Autoconf 2.69.  Invocation command line was

  $ ./configure --disable-option-checking --prefix=/usr/local --with-bmv2 --with-pdfixed --cache-file=/dev/null --srcdir=.

## --------- ##
## Platform. ##
## --------- ##

hostname = rakesh
uname -m = x86_64
uname -r = 4.15.0-128-generic
uname -s = Linux
uname -v = #131-Ubuntu SMP Wed Dec 9 06:57:35 UTC 2020

/usr/bin/uname -p = unknown
/bin/uname -X     = unknown

/bin/arch              = unknown
/usr/bin/arch -k       = unknown
/usr/convex/getsysinfo = unknown
/usr/bin/hostinfo      = unknown
/bin/machine           = unknown
/usr/bin/oslevel       = unknown
/bin/universe          = unknown

PATH: /home/rakesh/.local/bin
PATH: /usr/local/sbin
PATH: /usr/local/bin
PATH: /usr/sbin
PATH: /usr/bin
PATH: /sbin
PATH: /bin
PATH: /usr/games
PATH: /usr/local/games
PATH: /snap/bin


## ----------- ##
## Core tests. ##
## ----------- ##

configure:2560: checking for a BSD-compatible install
configure:2628: result: /usr/bin/install -c
configure:2639: checking whether build environment is sane
configure:2694: result: yes
configure:2845: checking for a thread-safe mkdir -p
configure:2884: result: /bin/mkdir -p
configure:2891: checking for gawk
configure:2921: result: no
configure:2891: checking for mawk
configure:2907: found /usr/bin/mawk
configure:2918: result: mawk
configure:2929: checking whether make sets $(MAKE)
configure:2951: result: yes
configure:2980: checking whether make supports nested variables
configure:2997: result: yes
configure:3168: checking for a Python interpreter with version >= 2.7
configure:3185: python -c import sys # split strings by '.' and convert to numeric. Append some zeros # because we need at least 4 digits for the hex conversion. # map returns an iterator in Python 3.0 and a list in 2.x minver = list(map(int, '2.7'.split('.'))) + [0, 0, 0] minverhex = 0 # xrange is not present in Python 3.0 and range returns an iterator for i in list(range(0, 4)): minverhex = (minverhex << 8) + minver[i] sys.exit(sys.hexversion < minverhex)
configure:3188: $? = 0
configure:3194: result: python
configure:3202: checking for python
configure:3220: found /usr/bin/python
configure:3232: result: /usr/bin/python
configure:3250: checking for python version
configure:3257: result: 2.7
configure:3269: checking for python platform
configure:3276: result: linux2
configure:3302: checking for python script directory
configure:3337: result: ${prefix}/lib/python2.7/dist-packages
configure:3346: checking for python extension module directory
configure:3381: result: ${exec_prefix}/lib/python2.7/dist-packages
configure:3548: checking for g++
configure:3564: found /usr/bin/g++
configure:3575: result: g++
configure:3602: checking for C++ compiler version
configure:3611: g++ --version >&5
g++ (Ubuntu 6.5.0-2ubuntu1~18.04) 6.5.0 20181026
Copyright (C) 2017 Free Software Foundation, Inc.
This is free software; see the source for copying conditions.  There is NO
warranty; not even for MERCHANTABILITY or FITNESS FOR A PARTICULAR PURPOSE.

configure:3622: $? = 0
configure:3611: g++ -v >&5
Using built-in specs.
COLLECT_GCC=g++
COLLECT_LTO_WRAPPER=/usr/lib/gcc/x86_64-linux-gnu/6/lto-wrapper
Target: x86_64-linux-gnu
Configured with: ../src/configure -v --with-pkgversion='Ubuntu 6.5.0-2ubuntu1~18.04' --with-bugurl=file:///usr/share/doc/gcc-6/README.Bugs --enable-languages=c,ada,c++,go,d,fortran,objc,obj-c++ --prefix=/usr --with-as=/usr/bin/x86_64-linux-gnu-as --with-ld=/usr/bin/x86_64-linux-gnu-ld --program-suffix=-6 --program-prefix=x86_64-linux-gnu- --enable-shared --enable-linker-build-id --libexecdir=/usr/lib --without-included-gettext --enable-threads=posix --libdir=/usr/lib --enable-nls --with-sysroot=/ --enable-clocale=gnu --enable-libstdcxx-debug --enable-libstdcxx-time=yes --with-default-libstdcxx-abi=new --enable-gnu-unique-object --disable-vtable-verify --enable-libmpx --enable-plugin --enable-default-pie --with-system-zlib --with-target-system-zlib --enable-objc-gc=auto --enable-multiarch --disable-werror --with-arch-32=i686 --with-abi=m64 --with-multilib-list=m32,m64,mx32 --enable-multilib --with-tune=generic --enable-checking=release --build=x86_64-linux-gnu --host=x86_64-linux-gnu --target=x86_64-linux-gnu
Thread model: posix
gcc version 6.5.0 20181026 (Ubuntu 6.5.0-2ubuntu1~18.04) 
configure:3622: $? = 0
configure:3611: g++ -V >&5
g++: error: unrecognized command line option '-V'
g++: fatal error: no input files
compilation terminated.
configure:3622: $? = 1
configure:3611: g++ -qversion >&5
g++: error: unrecognized command line option '-qversion'; did you mean '--version'?
g++: fatal error: no input files
compilation terminated.
configure:3622: $? = 1
configure:3642: checking whether the C++ compiler works
configure:3664: g++    conftest.cpp  >&5
configure:3668: $? = 0
configure:3716: result: yes
configure:3719: checking for C++ compiler default output file name
configure:3721: result: a.out
configure:3727: checking for suffix of executables
configure:3734: g++ -o conftest    conftest.cpp  >&5
configure:3738: $? = 0
configure:3760: result: 
configure:3782: checking whether we are cross compiling
configure:3790: g++ -o conftest    conftest.cpp  >&5
configure:3794: $? = 0
configure:3801: ./conftest
configure:3805: $? = 0
configure:3820: result: no
configure:3825: checking for suffix of object files
configure:3847: g++ -c   conftest.cpp >&5
configure:3851: $? = 0
configure:3872: result: o
configure:3876: checking whether we are using the GNU C++ compiler
configure:3895: g++ -c   conftest.cpp >&5
configure:3895: $? = 0
configure:3904: result: yes
configure:3913: checking whether g++ accepts -g
configure:3933: g++ -c -g  conftest.cpp >&5
configure:3933: $? = 0
configure:3974: result: yes
configure:4008: checking for style of include used by make
configure:4036: result: GNU
configure:4062: checking dependency style of g++
configure:4173: result: gcc3
configure:4236: checking for gcc
configure:4252: found /usr/bin/gcc
configure:4263: result: gcc
configure:4492: checking for C compiler version
configure:4501: gcc --version >&5
gcc (Ubuntu 6.5.0-2ubuntu1~18.04) 6.5.0 20181026
Copyright (C) 2017 Free Software Foundation, Inc.
This is free software; see the source for copying conditions.  There is NO
warranty; not even for MERCHANTABILITY or FITNESS FOR A PARTICULAR PURPOSE.

configure:4512: $? = 0
configure:4501: gcc -v >&5
Using built-in specs.
COLLECT_GCC=gcc
COLLECT_LTO_WRAPPER=/usr/lib/gcc/x86_64-linux-gnu/6/lto-wrapper
Target: x86_64-linux-gnu
Configured with: ../src/configure -v --with-pkgversion='Ubuntu 6.5.0-2ubuntu1~18.04' --with-bugurl=file:///usr/share/doc/gcc-6/README.Bugs --enable-languages=c,ada,c++,go,d,fortran,objc,obj-c++ --prefix=/usr --with-as=/usr/bin/x86_64-linux-gnu-as --with-ld=/usr/bin/x86_64-linux-gnu-ld --program-suffix=-6 --program-prefix=x86_64-linux-gnu- --enable-shared --enable-linker-build-id --libexecdir=/usr/lib --without-included-gettext --enable-threads=posix --libdir=/usr/lib --enable-nls --with-sysroot=/ --enable-clocale=gnu --enable-libstdcxx-debug --enable-libstdcxx-time=yes --with-default-libstdcxx-abi=new --enable-gnu-unique-object --disable-vtable-verify --enable-libmpx --enable-plugin --enable-default-pie --with-system-zlib --with-target-system-zlib --enable-objc-gc=auto --enable-multiarch --disable-werror --with-arch-32=i686 --with-abi=m64 --with-multilib-list=m32,m64,mx32 --enable-multilib --with-tune=generic --enable-checking=release --build=x86_64-linux-gnu --host=x86_64-linux-gnu --target=x86_64-linux-gnu
Thread model: posix
gcc version 6.5.0 20181026 (Ubuntu 6.5.0-2ubuntu1~18.04) 
configure:4512: $? = 0
configure:4501: gcc -V >&5
gcc: error: unrecognized command line option '-V'
gcc: fatal error: no input files
compilation terminated.
configure:4512: $? = 1
configure:4501: gcc -qversion >&5
gcc: error: unrecognized command line option '-qversion'; did you mean '--version'?
gcc: fatal error: no input files
compilation terminated.
configure:4512: $? = 1
configure:4516: checking whether we are using the GNU C compiler
configure:4535: gcc -c   conftest.c >&5
configure:4535: $? = 0
configure:4544: result: yes
configure:4553: checking whether gcc accepts -g
configure:4573: gcc -c -g  conftest.c >&5
configure:4573: $? = 0
configure:4614: result: yes
configure:4631: checking for gcc option to accept ISO C89
configure:4694: gcc  -c -g -O2  conftest.c >&5
configure:4694: $? = 0
configure:4707: result: none needed
configure:4732: checking whether gcc understands -c and -o together
configure:4754: gcc -c conftest.c -o conftest2.o
configure:4757: $? = 0
configure:4754: gcc -c conftest.c -o conftest2.o
configure:4757: $? = 0
configure:4769: result: yes
configure:4788: checking dependency style of gcc
configure:4899: result: gcc3
configure:4943: checking build system type
configure:4957: result: x86_64-pc-linux-gnu
configure:4977: checking host system type
configure:4990: result: x86_64-pc-linux-gnu
configure:5031: checking how to print strings
configure:5058: result: printf
configure:5079: checking for a sed that does not truncate output
configure:5143: result: /bin/sed
configure:5161: checking for grep that handles long lines and -e
configure:5219: result: /bin/grep
configure:5224: checking for egrep
configure:5286: result: /bin/grep -E
configure:5291: checking for fgrep
configure:5353: result: /bin/grep -F
configure:5388: checking for ld used by gcc
configure:5455: result: /usr/bin/x86_64-linux-gnu-ld
configure:5462: checking if the linker (/usr/bin/x86_64-linux-gnu-ld) is GNU ld
configure:5477: result: yes
configure:5489: checking for BSD- or MS-compatible name lister (nm)
configure:5543: result: /usr/bin/nm -B
configure:5673: checking the name lister (/usr/bin/nm -B) interface
configure:5680: gcc -c -g -O2  conftest.c >&5
configure:5683: /usr/bin/nm -B "conftest.o"
configure:5686: output
0000000000000000 B some_variable
configure:5693: result: BSD nm
configure:5696: checking whether ln -s works
configure:5700: result: yes
configure:5708: checking the maximum length of command line arguments
configure:5839: result: 1572864
configure:5887: checking how to convert x86_64-pc-linux-gnu file names to x86_64-pc-linux-gnu format
configure:5927: result: func_convert_file_noop
configure:5934: checking how to convert x86_64-pc-linux-gnu file names to toolchain format
configure:5954: result: func_convert_file_noop
configure:5961: checking for /usr/bin/x86_64-linux-gnu-ld option to reload object files
configure:5968: result: -r
configure:6042: checking for objdump
configure:6058: found /usr/bin/objdump
configure:6069: result: objdump
configure:6101: checking how to recognize dependent libraries
configure:6301: result: pass_all
configure:6386: checking for dlltool
configure:6416: result: no
configure:6446: checking how to associate runtime and link libraries
configure:6473: result: printf %s\n
configure:6534: checking for ar
configure:6550: found /usr/bin/ar
configure:6561: result: ar
configure:6598: checking for archiver @FILE support
configure:6615: gcc -c -g -O2  conftest.c >&5
configure:6615: $? = 0
configure:6618: ar cru libconftest.a @conftest.lst >&5
ar: `u' modifier ignored since `D' is the default (see `U')
configure:6621: $? = 0
configure:6626: ar cru libconftest.a @conftest.lst >&5
ar: `u' modifier ignored since `D' is the default (see `U')
ar: conftest.o: No such file or directory
configure:6629: $? = 1
configure:6641: result: @
configure:6699: checking for strip
configure:6715: found /usr/bin/strip
configure:6726: result: strip
configure:6798: checking for ranlib
configure:6814: found /usr/bin/ranlib
configure:6825: result: ranlib
configure:6927: checking command to parse /usr/bin/nm -B output from gcc object
configure:7080: gcc -c -g -O2  conftest.c >&5
configure:7083: $? = 0
configure:7087: /usr/bin/nm -B conftest.o \| sed -n -e 's/^.*[ ]\([ABCDGIRSTW][ABCDGIRSTW]*\)[ ][ ]*\([_A-Za-z][_A-Za-z0-9]*\)$/\1 \2 \2/p' | sed '/ __gnu_lto/d' \> conftest.nm
configure:7090: $? = 0
configure:7156: gcc -o conftest -g -O2   conftest.c conftstm.o >&5
configure:7159: $? = 0
configure:7197: result: ok
configure:7244: checking for sysroot
configure:7274: result: no
configure:7281: checking for a working dd
configure:7319: result: /bin/dd
configure:7323: checking how to truncate binary pipes
configure:7338: result: /bin/dd bs=4096 count=1
configure:7474: gcc -c -g -O2  conftest.c >&5
configure:7477: $? = 0
configure:7667: checking for mt
configure:7683: found /bin/mt
configure:7694: result: mt
configure:7717: checking if mt is a manifest tool
configure:7723: mt '-?'
configure:7731: result: no
configure:8408: checking how to run the C preprocessor
configure:8439: gcc -E  conftest.c
configure:8439: $? = 0
configure:8453: gcc -E  conftest.c
conftest.c:11:28: fatal error: ac_nonexistent.h: No such file or directory
 #include <ac_nonexistent.h>
                            ^
compilation terminated.
configure:8453: $? = 1
configure: failed program was:
| /* confdefs.h */
| #define PACKAGE_NAME "p4-build"
| #define PACKAGE_TARNAME "p4-build"
| #define PACKAGE_VERSION "0.1"
| #define PACKAGE_STRING "p4-build 0.1"
| #define PACKAGE_BUGREPORT "antonin@barefootnetworks.com"
| #define PACKAGE_URL ""
| #define PACKAGE "p4-build"
| #define VERSION "0.1"
| /* end confdefs.h.  */
| #include <ac_nonexistent.h>
configure:8478: result: gcc -E
configure:8498: gcc -E  conftest.c
configure:8498: $? = 0
configure:8512: gcc -E  conftest.c
conftest.c:11:28: fatal error: ac_nonexistent.h: No such file or directory
 #include <ac_nonexistent.h>
                            ^
compilation terminated.
configure:8512: $? = 1
configure: failed program was:
| /* confdefs.h */
| #define PACKAGE_NAME "p4-build"
| #define PACKAGE_TARNAME "p4-build"
| #define PACKAGE_VERSION "0.1"
| #define PACKAGE_STRING "p4-build 0.1"
| #define PACKAGE_BUGREPORT "antonin@barefootnetworks.com"
| #define PACKAGE_URL ""
| #define PACKAGE "p4-build"
| #define VERSION "0.1"
| /* end confdefs.h.  */
| #include <ac_nonexistent.h>
configure:8541: checking for ANSI C header files
configure:8561: gcc -c -g -O2  conftest.c >&5
configure:8561: $? = 0
configure:8634: gcc -o conftest -g -O2   conftest.c  >&5
configure:8634: $? = 0
configure:8634: ./conftest
configure:8634: $? = 0
configure:8645: result: yes
configure:8658: checking for sys/types.h
configure:8658: gcc -c -g -O2  conftest.c >&5
configure:8658: $? = 0
configure:8658: result: yes
configure:8658: checking for sys/stat.h
configure:8658: gcc -c -g -O2  conftest.c >&5
configure:8658: $? = 0
configure:8658: result: yes
configure:8658: checking for stdlib.h
configure:8658: gcc -c -g -O2  conftest.c >&5
configure:8658: $? = 0
configure:8658: result: yes
configure:8658: checking for string.h
configure:8658: gcc -c -g -O2  conftest.c >&5
configure:8658: $? = 0
configure:8658: result: yes
configure:8658: checking for memory.h
configure:8658: gcc -c -g -O2  conftest.c >&5
configure:8658: $? = 0
configure:8658: result: yes
configure:8658: checking for strings.h
configure:8658: gcc -c -g -O2  conftest.c >&5
configure:8658: $? = 0
configure:8658: result: yes
configure:8658: checking for inttypes.h
configure:8658: gcc -c -g -O2  conftest.c >&5
configure:8658: $? = 0
configure:8658: result: yes
configure:8658: checking for stdint.h
configure:8658: gcc -c -g -O2  conftest.c >&5
configure:8658: $? = 0
configure:8658: result: yes
configure:8658: checking for unistd.h
configure:8658: gcc -c -g -O2  conftest.c >&5
configure:8658: $? = 0
configure:8658: result: yes
configure:8672: checking for dlfcn.h
configure:8672: gcc -c -g -O2  conftest.c >&5
configure:8672: $? = 0
configure:8672: result: yes
configure:8939: checking for objdir
configure:8954: result: .libs
configure:9218: checking if gcc supports -fno-rtti -fno-exceptions
configure:9236: gcc -c -g -O2  -fno-rtti -fno-exceptions conftest.c >&5
cc1: warning: command line option '-fno-rtti' is valid for C++/ObjC++ but not for C
configure:9240: $? = 0
configure:9253: result: no
configure:9611: checking for gcc option to produce PIC
configure:9618: result: -fPIC -DPIC
configure:9626: checking if gcc PIC flag -fPIC -DPIC works
configure:9644: gcc -c -g -O2  -fPIC -DPIC -DPIC conftest.c >&5
configure:9648: $? = 0
configure:9661: result: yes
configure:9690: checking if gcc static flag -static works
configure:9718: result: yes
configure:9733: checking if gcc supports -c -o file.o
configure:9754: gcc -c -g -O2  -o out/conftest2.o conftest.c >&5
configure:9758: $? = 0
configure:9780: result: yes
configure:9788: checking if gcc supports -c -o file.o
configure:9835: result: yes
configure:9868: checking whether the gcc linker (/usr/bin/x86_64-linux-gnu-ld -m elf_x86_64) supports shared libraries
configure:11131: result: yes
configure:11168: checking whether -lc should be explicitly linked in
configure:11176: gcc -c -g -O2  conftest.c >&5
configure:11179: $? = 0
configure:11194: gcc -shared  -fPIC -DPIC conftest.o  -v -Wl,-soname -Wl,conftest -o conftest 2\>\&1 \| /bin/grep  -lc  \>/dev/null 2\>\&1
configure:11197: $? = 0
configure:11211: result: no
configure:11371: checking dynamic linker characteristics
configure:11952: gcc -o conftest -g -O2   -Wl,-rpath -Wl,/foo conftest.c  >&5
configure:11952: $? = 0
configure:12201: result: GNU/Linux ld.so
configure:12323: checking how to hardcode library paths into programs
configure:12348: result: immediate
configure:12896: checking whether stripping libraries is possible
configure:12901: result: yes
configure:12936: checking if libtool supports shared libraries
configure:12938: result: yes
configure:12941: checking whether to build shared libraries
configure:12966: result: yes
configure:12969: checking whether to build static libraries
configure:12973: result: yes
configure:12996: checking how to run the C++ preprocessor
configure:13023: g++ -E  conftest.cpp
configure:13023: $? = 0
configure:13037: g++ -E  conftest.cpp
conftest.cpp:23:28: fatal error: ac_nonexistent.h: No such file or directory
 #include <ac_nonexistent.h>
                            ^
compilation terminated.
configure:13037: $? = 1
configure: failed program was:
| /* confdefs.h */
| #define PACKAGE_NAME "p4-build"
| #define PACKAGE_TARNAME "p4-build"
| #define PACKAGE_VERSION "0.1"
| #define PACKAGE_STRING "p4-build 0.1"
| #define PACKAGE_BUGREPORT "antonin@barefootnetworks.com"
| #define PACKAGE_URL ""
| #define PACKAGE "p4-build"
| #define VERSION "0.1"
| #define STDC_HEADERS 1
| #define HAVE_SYS_TYPES_H 1
| #define HAVE_SYS_STAT_H 1
| #define HAVE_STDLIB_H 1
| #define HAVE_STRING_H 1
| #define HAVE_MEMORY_H 1
| #define HAVE_STRINGS_H 1
| #define HAVE_INTTYPES_H 1
| #define HAVE_STDINT_H 1
| #define HAVE_UNISTD_H 1
| #define HAVE_DLFCN_H 1
| #define LT_OBJDIR ".libs/"
| /* end confdefs.h.  */
| #include <ac_nonexistent.h>
configure:13062: result: g++ -E
configure:13082: g++ -E  conftest.cpp
configure:13082: $? = 0
configure:13096: g++ -E  conftest.cpp
conftest.cpp:23:28: fatal error: ac_nonexistent.h: No such file or directory
 #include <ac_nonexistent.h>
                            ^
compilation terminated.
configure:13096: $? = 1
configure: failed program was:
| /* confdefs.h */
| #define PACKAGE_NAME "p4-build"
| #define PACKAGE_TARNAME "p4-build"
| #define PACKAGE_VERSION "0.1"
| #define PACKAGE_STRING "p4-build 0.1"
| #define PACKAGE_BUGREPORT "antonin@barefootnetworks.com"
| #define PACKAGE_URL ""
| #define PACKAGE "p4-build"
| #define VERSION "0.1"
| #define STDC_HEADERS 1
| #define HAVE_SYS_TYPES_H 1
| #define HAVE_SYS_STAT_H 1
| #define HAVE_STDLIB_H 1
| #define HAVE_STRING_H 1
| #define HAVE_MEMORY_H 1
| #define HAVE_STRINGS_H 1
| #define HAVE_INTTYPES_H 1
| #define HAVE_STDINT_H 1
| #define HAVE_UNISTD_H 1
| #define HAVE_DLFCN_H 1
| #define LT_OBJDIR ".libs/"
| /* end confdefs.h.  */
| #include <ac_nonexistent.h>
configure:13258: checking for ld used by g++
configure:13325: result: /usr/bin/x86_64-linux-gnu-ld -m elf_x86_64
configure:13332: checking if the linker (/usr/bin/x86_64-linux-gnu-ld -m elf_x86_64) is GNU ld
configure:13347: result: yes
configure:13402: checking whether the g++ linker (/usr/bin/x86_64-linux-gnu-ld -m elf_x86_64) supports shared libraries
configure:14475: result: yes
configure:14511: g++ -c   conftest.cpp >&5
configure:14514: $? = 0
configure:14995: checking for g++ option to produce PIC
configure:15002: result: -fPIC -DPIC
configure:15010: checking if g++ PIC flag -fPIC -DPIC works
configure:15028: g++ -c   -fPIC -DPIC -DPIC conftest.cpp >&5
configure:15032: $? = 0
configure:15045: result: yes
configure:15068: checking if g++ static flag -static works
configure:15096: result: yes
configure:15108: checking if g++ supports -c -o file.o
configure:15129: g++ -c   -o out/conftest2.o conftest.cpp >&5
configure:15133: $? = 0
configure:15155: result: yes
configure:15160: checking if g++ supports -c -o file.o
configure:15207: result: yes
configure:15237: checking whether the g++ linker (/usr/bin/x86_64-linux-gnu-ld -m elf_x86_64) supports shared libraries
configure:15280: result: yes
configure:15421: checking dynamic linker characteristics
configure:16178: result: GNU/Linux ld.so
configure:16243: checking how to hardcode library paths into programs
configure:16268: result: immediate
configure:16338: checking whether g++ supports C++11 features by default
configure:16364: g++ -c   conftest.cpp >&5
configure:16364: $? = 0
configure:16371: result: yes
configure:16474: checking algorithm usability
configure:16474: g++ -c   conftest.cpp >&5
configure:16474: $? = 0
configure:16474: result: yes
configure:16474: checking algorithm presence
configure:16474: g++ -E  conftest.cpp
configure:16474: $? = 0
configure:16474: result: yes
configure:16474: checking for algorithm
configure:16474: result: yes
configure:16474: checking array usability
configure:16474: g++ -c   conftest.cpp >&5
configure:16474: $? = 0
configure:16474: result: yes
configure:16474: checking array presence
configure:16474: g++ -E  conftest.cpp
configure:16474: $? = 0
configure:16474: result: yes
configure:16474: checking for array
configure:16474: result: yes
configure:16474: checking cassert usability
configure:16474: g++ -c   conftest.cpp >&5
configure:16474: $? = 0
configure:16474: result: yes
configure:16474: checking cassert presence
configure:16474: g++ -E  conftest.cpp
configure:16474: $? = 0
configure:16474: result: yes
configure:16474: checking for cassert
configure:16474: result: yes
configure:16474: checking cmath usability
configure:16474: g++ -c   conftest.cpp >&5
configure:16474: $? = 0
configure:16474: result: yes
configure:16474: checking cmath presence
configure:16474: g++ -E  conftest.cpp
configure:16474: $? = 0
configure:16474: result: yes
configure:16474: checking for cmath
configure:16474: result: yes
configure:16474: checking queue usability
configure:16474: g++ -c   conftest.cpp >&5
configure:16474: $? = 0
configure:16474: result: yes
configure:16474: checking queue presence
configure:16474: g++ -E  conftest.cpp
configure:16474: $? = 0
configure:16474: result: yes
configure:16474: checking for queue
configure:16474: result: yes
configure:16474: checking cstdio usability
configure:16474: g++ -c   conftest.cpp >&5
configure:16474: $? = 0
configure:16474: result: yes
configure:16474: checking cstdio presence
configure:16474: g++ -E  conftest.cpp
configure:16474: $? = 0
configure:16474: result: yes
configure:16474: checking for cstdio
configure:16474: result: yes
configure:16474: checking string usability
configure:16474: g++ -c   conftest.cpp >&5
configure:16474: $? = 0
configure:16474: result: yes
configure:16474: checking string presence
configure:16474: g++ -E  conftest.cpp
configure:16474: $? = 0
configure:16474: result: yes
configure:16474: checking for string
configure:16474: result: yes
configure:16474: checking for sys/stat.h
configure:16474: result: yes
configure:16474: checking for sys/types.h
configure:16474: result: yes
configure:16474: checking ctime usability
configure:16474: g++ -c   conftest.cpp >&5
configure:16474: $? = 0
configure:16474: result: yes
configure:16474: checking ctime presence
configure:16474: g++ -E  conftest.cpp
configure:16474: $? = 0
configure:16474: result: yes
configure:16474: checking for ctime
configure:16474: result: yes
configure:16474: checking tuple usability
configure:16474: g++ -c   conftest.cpp >&5
configure:16474: $? = 0
configure:16474: result: yes
configure:16474: checking tuple presence
configure:16474: g++ -E  conftest.cpp
configure:16474: $? = 0
configure:16474: result: yes
configure:16474: checking for tuple
configure:16474: result: yes
configure:16474: checking for unistd.h
configure:16474: result: yes
configure:16474: checking unordered_map usability
configure:16474: g++ -c   conftest.cpp >&5
configure:16474: $? = 0
configure:16474: result: yes
configure:16474: checking unordered_map presence
configure:16474: g++ -E  conftest.cpp
configure:16474: $? = 0
configure:16474: result: yes
configure:16474: checking for unordered_map
configure:16474: result: yes
configure:16474: checking utility usability
configure:16474: g++ -c   conftest.cpp >&5
configure:16474: $? = 0
configure:16474: result: yes
configure:16474: checking utility presence
configure:16474: g++ -E  conftest.cpp
configure:16474: $? = 0
configure:16474: result: yes
configure:16474: checking for utility
configure:16474: result: yes
configure:16474: checking vector usability
configure:16474: g++ -c   conftest.cpp >&5
configure:16474: $? = 0
configure:16474: result: yes
configure:16474: checking vector presence
configure:16474: g++ -E  conftest.cpp
configure:16474: $? = 0
configure:16474: result: yes
configure:16474: checking for vector
configure:16474: result: yes
configure:16530: checking for p4c-bmv2
configure:16548: found /usr/local/bin/p4c-bmv2
configure:16560: result: /usr/local/bin/p4c-bmv2
configure:16582: checking /home/rakesh/Documents/Flightplan/behavioral-model/pdfixed/include/bm/pdfixed/pd_common.h usability
configure:16582: g++ -c   -I/usr/local/include conftest.cpp >&5
configure:16582: $? = 0
configure:16582: result: yes
configure:16582: checking /home/rakesh/Documents/Flightplan/behavioral-model/pdfixed/include/bm/pdfixed/pd_common.h presence
configure:16582: g++ -E  -I/usr/local/include conftest.cpp
configure:16582: $? = 0
configure:16582: result: yes
configure:16582: checking for /home/rakesh/Documents/Flightplan/behavioral-model/pdfixed/include/bm/pdfixed/pd_common.h
configure:16582: result: yes
configure:16599: g++ -E  -I/usr/local/include -I/usr/local/include -H conftest.cpp
. /home/rakesh/Documents/Flightplan/behavioral-model/pdfixed/thrift/res.thrift
Multiple include guards may be useful for:
/home/rakesh/Documents/Flightplan/behavioral-model/pdfixed/thrift/res.thrift
configure:16599: $? = 0
configure:16636: checking /home/rakesh/Documents/Flightplan/behavioral-model/thrift_src/gen-cpp/bm/Standard.h usability
configure:16636: g++ -c   -I/usr/local/include conftest.cpp >&5
configure:16636: $? = 0
configure:16636: result: yes
configure:16636: checking /home/rakesh/Documents/Flightplan/behavioral-model/thrift_src/gen-cpp/bm/Standard.h presence
configure:16636: g++ -E  -I/usr/local/include conftest.cpp
configure:16636: $? = 0
configure:16636: result: yes
configure:16636: checking for /home/rakesh/Documents/Flightplan/behavioral-model/thrift_src/gen-cpp/bm/Standard.h
configure:16636: result: yes
configure:16717: checking for thrift
configure:16735: found /usr/local/bin/thrift
configure:16747: result: /usr/local/bin/thrift
configure:16757: checking thrift/Thrift.h usability
configure:16757: g++ -c   conftest.cpp >&5
configure:16757: $? = 0
configure:16757: result: yes
configure:16757: checking thrift/Thrift.h presence
configure:16757: g++ -E  conftest.cpp
configure:16757: $? = 0
configure:16757: result: yes
configure:16757: checking for thrift/Thrift.h
configure:16757: result: yes
configure:16781: checking for Judy1Next in -lJudy
configure:16806: g++ -o conftest    conftest.cpp -lJudy   >&5
configure:16806: $? = 0
configure:16815: result: yes
configure:16828: checking for nn_errno in -lnanomsg
configure:16853: g++ -o conftest    conftest.cpp -lnanomsg  -lJudy  >&5
configure:16853: $? = 0
configure:16862: result: yes
configure:16875: checking for pthread_create in -lpthread
configure:16900: g++ -o conftest    conftest.cpp -lpthread  -lnanomsg -lJudy  >&5
configure:16900: $? = 0
configure:16909: result: yes
configure:16926: checking for size_t
configure:16926: g++ -c   conftest.cpp >&5
configure:16926: $? = 0
configure:16926: g++ -c   conftest.cpp >&5
conftest.cpp: In function 'int main()':
conftest.cpp:78:20: error: expected primary-expression before ')' token
 if (sizeof ((size_t)))
                    ^
configure:16926: $? = 1
configure: failed program was:
| /* confdefs.h */
| #define PACKAGE_NAME "p4-build"
| #define PACKAGE_TARNAME "p4-build"
| #define PACKAGE_VERSION "0.1"
| #define PACKAGE_STRING "p4-build 0.1"
| #define PACKAGE_BUGREPORT "antonin@barefootnetworks.com"
| #define PACKAGE_URL ""
| #define PACKAGE "p4-build"
| #define VERSION "0.1"
| #define STDC_HEADERS 1
| #define HAVE_SYS_TYPES_H 1
| #define HAVE_SYS_STAT_H 1
| #define HAVE_STDLIB_H 1
| #define HAVE_STRING_H 1
| #define HAVE_MEMORY_H 1
| #define HAVE_STRINGS_H 1
| #define HAVE_INTTYPES_H 1
| #define HAVE_STDINT_H 1
| #define HAVE_UNISTD_H 1
| #define HAVE_DLFCN_H 1
| #define LT_OBJDIR ".libs/"
| #define HAVE_CXX11 1
| #define HAVE_ALGORITHM 1
| #define HAVE_ARRAY 1
| #define HAVE_CASSERT 1
| #define HAVE_CMATH 1
| #define HAVE_QUEUE 1
| #define HAVE_CSTDIO 1
| #define HAVE_STRING 1
| #define HAVE_SYS_STAT_H 1
| #define HAVE_SYS_TYPES_H 1
| #define HAVE_CTIME 1
| #define HAVE_TUPLE 1
| #define HAVE_UNISTD_H 1
| #define HAVE_UNORDERED_MAP 1
| #define HAVE_UTILITY 1
| #define HAVE_VECTOR 1
| #define HAVE_LIBJUDY 1
| #define HAVE_LIBNANOMSG 1
| #define HAVE_LIBPTHREAD 1
| /* end confdefs.h.  */
| #include <stdio.h>
| #ifdef HAVE_SYS_TYPES_H
| # include <sys/types.h>
| #endif
| #ifdef HAVE_SYS_STAT_H
| # include <sys/stat.h>
| #endif
| #ifdef STDC_HEADERS
| # include <stdlib.h>
| # include <stddef.h>
| #else
| # ifdef HAVE_STDLIB_H
| #  include <stdlib.h>
| # endif
| #endif
| #ifdef HAVE_STRING_H
| # if !defined STDC_HEADERS && defined HAVE_MEMORY_H
| #  include <memory.h>
| # endif
| # include <string.h>
| #endif
| #ifdef HAVE_STRINGS_H
| # include <strings.h>
| #endif
| #ifdef HAVE_INTTYPES_H
| # include <inttypes.h>
| #endif
| #ifdef HAVE_STDINT_H
| # include <stdint.h>
| #endif
| #ifdef HAVE_UNISTD_H
| # include <unistd.h>
| #endif
| int
| main ()
| {
| if (sizeof ((size_t)))
| 	    return 0;
|   ;
|   return 0;
| }
configure:16926: result: yes
configure:16937: checking for uint64_t
configure:16937: g++ -c   conftest.cpp >&5
configure:16937: $? = 0
configure:16937: result: yes
configure:16958: checking for a sed that does not truncate output
configure:17022: result: /bin/sed
configure:17048: checking whether ln -s works
configure:17052: result: yes
configure:17172: checking that generated files are newer than configure
configure:17178: result: done
configure:17225: creating ./config.status

## ---------------------- ##
## Running config.status. ##
## ---------------------- ##

This file was extended by p4-build config.status 0.1, which was
generated by GNU Autoconf 2.69.  Invocation command line was

  CONFIG_FILES    = 
  CONFIG_HEADERS  = 
  CONFIG_LINKS    = 
  CONFIG_COMMANDS = 
  $ ./config.status 

on rakesh

config.status:1200: creating Makefile
config.status:1200: creating bmv2/Makefile
config.status:1200: creating bmv2/tests/Makefile
config.status:1200: creating bmv2/tests/pdtest/Makefile
config.status:1200: creating bmv2/tests/openflow/Makefile
config.status:1200: creating tools/produce_deps.py
config.status:1200: creating config.h
config.status:1381: config.h is unchanged
config.status:1429: executing depfiles commands
config.status:1429: executing libtool commands

## ---------------- ##
## Cache variables. ##
## ---------------- ##

ac_cv_build=x86_64-pc-linux-gnu
ac_cv_c_compiler_gnu=yes
ac_cv_c_uint64_t=yes
ac_cv_cxx_compiler_gnu=yes
ac_cv_env_CCC_set=
ac_cv_env_CCC_value=
ac_cv_env_CC_set=
ac_cv_env_CC_value=
ac_cv_env_CFLAGS_set=
ac_cv_env_CFLAGS_value=
ac_cv_env_CPPFLAGS_set=
ac_cv_env_CPPFLAGS_value=
ac_cv_env_CPP_set=
ac_cv_env_CPP_value=
ac_cv_env_CXXCPP_set=
ac_cv_env_CXXCPP_value=
ac_cv_env_CXXFLAGS_set=
ac_cv_env_CXXFLAGS_value=
ac_cv_env_CXX_set=
ac_cv_env_CXX_value=
ac_cv_env_LDFLAGS_set=
ac_cv_env_LDFLAGS_value=
ac_cv_env_LIBS_set=
ac_cv_env_LIBS_value=
ac_cv_env_LT_SYS_LIBRARY_PATH_set=
ac_cv_env_LT_SYS_LIBRARY_PATH_value=
ac_cv_env_P4C_BM_FLAGS_set=
ac_cv_env_P4C_BM_FLAGS_value=
ac_cv_env_P4_NAME_set=set
ac_cv_env_P4_NAME_value=switch
ac_cv_env_P4_PATH_set=set
ac_cv_env_P4_PATH_value=/home/rakesh/Documents/switch/p4src/switch.p4
ac_cv_env_P4_PREFIX_set=set
ac_cv_env_P4_PREFIX_value=dc
ac_cv_env_PYTHON_set=
ac_cv_env_PYTHON_value=
ac_cv_env_build_alias_set=
ac_cv_env_build_alias_value=
ac_cv_env_host_alias_set=
ac_cv_env_host_alias_value=
ac_cv_env_target_alias_set=
ac_cv_env_target_alias_value=
ac_cv_header__home_rakesh_Documents_Flightplan_behavioral_model_pdfixed_include_bm_pdfixed_pd_common_h=yes
ac_cv_header__home_rakesh_Documents_Flightplan_behavioral_model_thrift_src_gen_cpp_bm_Standard_h=yes
ac_cv_header_algorithm=yes
ac_cv_header_array=yes
ac_cv_header_cassert=yes
ac_cv_header_cmath=yes
ac_cv_header_cstdio=yes
ac_cv_header_ctime=yes
ac_cv_header_dlfcn_h=yes
ac_cv_header_inttypes_h=yes
ac_cv_header_memory_h=yes
ac_cv_header_queue=yes
ac_cv_header_stdc=yes
ac_cv_header_stdint_h=yes
ac_cv_header_stdlib_h=yes
ac_cv_header_string=yes
ac_cv_header_string_h=yes
ac_cv_header_strings_h=yes
ac_cv_header_sys_stat_h=yes
ac_cv_header_sys_types_h=yes
ac_cv_header_thrift_Thrift_h=yes
ac_cv_header_tuple=yes
ac_cv_header_unistd_h=yes
ac_cv_header_unordered_map=yes
ac_cv_header_utility=yes
ac_cv_header_vector=yes
ac_cv_host=x86_64-pc-linux-gnu
ac_cv_lib_Judy_Judy1Next=yes
ac_cv_lib_nanomsg_nn_errno=yes
ac_cv_lib_pthread_pthread_create=yes
ac_cv_objext=o
ac_cv_path_EGREP='/bin/grep -E'
ac_cv_path_FGREP='/bin/grep -F'
ac_cv_path_GREP=/bin/grep
ac_cv_path_P4C_BM=/usr/local/bin/p4c-bmv2
ac_cv_path_PYTHON=/usr/bin/python
ac_cv_path_SED=/bin/sed
ac_cv_path_THRIFT=/usr/local/bin/thrift
ac_cv_path_install='/usr/bin/install -c'
ac_cv_path_lt_DD=/bin/dd
ac_cv_path_mkdir=/bin/mkdir
ac_cv_prog_AWK=mawk
ac_cv_prog_CPP='gcc -E'
ac_cv_prog_CXXCPP='g++ -E'
ac_cv_prog_ac_ct_AR=ar
ac_cv_prog_ac_ct_CC=gcc
ac_cv_prog_ac_ct_CXX=g++
ac_cv_prog_ac_ct_MANIFEST_TOOL=mt
ac_cv_prog_ac_ct_OBJDUMP=objdump
ac_cv_prog_ac_ct_RANLIB=ranlib
ac_cv_prog_ac_ct_STRIP=strip
ac_cv_prog_cc_c89=
ac_cv_prog_cc_g=yes
ac_cv_prog_cxx_g=yes
ac_cv_prog_make_make_set=yes
ac_cv_type_size_t=yes
am_cv_CC_dependencies_compiler_type=gcc3
am_cv_CXX_dependencies_compiler_type=gcc3
am_cv_make_support_nested_variables=yes
am_cv_pathless_PYTHON=python
am_cv_prog_cc_c_o=yes
am_cv_python_platform=linux2
am_cv_python_pyexecdir='${exec_prefix}/lib/python2.7/dist-packages'
am_cv_python_pythondir='${prefix}/lib/python2.7/dist-packages'
am_cv_python_version=2.7
ax_cv_cxx_compile_cxx11=yes
lt_cv_ar_at_file=@
lt_cv_archive_cmds_need_lc=no
lt_cv_deplibs_check_method=pass_all
lt_cv_file_magic_cmd='$MAGIC_CMD'
lt_cv_file_magic_test_file=
lt_cv_ld_reload_flag=-r
lt_cv_nm_interface='BSD nm'
lt_cv_objdir=.libs
lt_cv_path_LD=/usr/bin/x86_64-linux-gnu-ld
lt_cv_path_LDCXX='/usr/bin/x86_64-linux-gnu-ld -m elf_x86_64'
lt_cv_path_NM='/usr/bin/nm -B'
lt_cv_path_mainfest_tool=no
lt_cv_prog_compiler_c_o=yes
lt_cv_prog_compiler_c_o_CXX=yes
lt_cv_prog_compiler_pic='-fPIC -DPIC'
lt_cv_prog_compiler_pic_CXX='-fPIC -DPIC'
lt_cv_prog_compiler_pic_works=yes
lt_cv_prog_compiler_pic_works_CXX=yes
lt_cv_prog_compiler_rtti_exceptions=no
lt_cv_prog_compiler_static_works=yes
lt_cv_prog_compiler_static_works_CXX=yes
lt_cv_prog_gnu_ld=yes
lt_cv_prog_gnu_ldcxx=yes
lt_cv_sharedlib_from_linklib_cmd='printf %s\n'
lt_cv_shlibpath_overrides_runpath=yes
lt_cv_sys_global_symbol_pipe='sed -n -e '\''s/^.*[	 ]\([ABCDGIRSTW][ABCDGIRSTW]*\)[	 ][	 ]*\([_A-Za-z][_A-Za-z0-9]*\)$/\1 \2 \2/p'\'' | sed '\''/ __gnu_lto/d'\'''
lt_cv_sys_global_symbol_to_c_name_address='sed -n -e '\''s/^: \(.*\) .*$/  {"\1", (void *) 0},/p'\'' -e '\''s/^[ABCDGIRSTW][ABCDGIRSTW]* .* \(.*\)$/  {"\1", (void *) \&\1},/p'\'''
lt_cv_sys_global_symbol_to_c_name_address_lib_prefix='sed -n -e '\''s/^: \(.*\) .*$/  {"\1", (void *) 0},/p'\'' -e '\''s/^[ABCDGIRSTW][ABCDGIRSTW]* .* \(lib.*\)$/  {"\1", (void *) \&\1},/p'\'' -e '\''s/^[ABCDGIRSTW][ABCDGIRSTW]* .* \(.*\)$/  {"lib\1", (void *) \&\1},/p'\'''
lt_cv_sys_global_symbol_to_cdecl='sed -n -e '\''s/^T .* \(.*\)$/extern int \1();/p'\'' -e '\''s/^[ABCDGIRSTW][ABCDGIRSTW]* .* \(.*\)$/extern char \1;/p'\'''
lt_cv_sys_global_symbol_to_import=
lt_cv_sys_max_cmd_len=1572864
lt_cv_to_host_file_cmd=func_convert_file_noop
lt_cv_to_tool_file_cmd=func_convert_file_noop
lt_cv_truncate_bin='/bin/dd bs=4096 count=1'

## ----------------- ##
## Output variables. ##
## ----------------- ##

ACLOCAL='${SHELL} /home/rakesh/Documents/switch/p4-build/missing aclocal-1.15'
AMDEPBACKSLASH='\'
AMDEP_FALSE='#'
AMDEP_TRUE=''
AMTAR='$${TAR-tar}'
AM_BACKSLASH='\'
AM_DEFAULT_V='$(AM_DEFAULT_VERBOSITY)'
AM_DEFAULT_VERBOSITY='1'
AM_V='$(V)'
AR='ar'
AUTOCONF='${SHELL} /home/rakesh/Documents/switch/p4-build/missing autoconf'
AUTOHEADER='${SHELL} /home/rakesh/Documents/switch/p4-build/missing autoheader'
AUTOMAKE='${SHELL} /home/rakesh/Documents/switch/p4-build/missing automake-1.15'
AWK='mawk'
BMV2_OFTEST_ENV_FALSE=''
BMV2_OFTEST_ENV_TRUE='#'
BMV2_PDTEST_ENV_FALSE=''
BMV2_PDTEST_ENV_TRUE='#'
BM_THRIFT_INCLUDE='/home/rakesh/Documents/Flightplan/behavioral-model/pdfixed/thrift'
CC='gcc'
CCDEPMODE='depmode=gcc3'
CFLAGS='-g -O2'
COND_PLUGIN_OPENFLOW_FALSE=''
COND_PLUGIN_OPENFLOW_TRUE='#'
CPP='gcc -E'
CPPFLAGS=''
CXX='g++'
CXXCPP='g++ -E'
CXXDEPMODE='depmode=gcc3'
CXXFLAGS=''
CYGPATH_W='echo'
DEFS='-DHAVE_CONFIG_H'
DEPDIR='.deps'
DLLTOOL='false'
DSYMUTIL=''
DUMPBIN=''
ECHO_C=''
ECHO_N='-n'
ECHO_T=''
EGREP='/bin/grep -E'
EXEEXT=''
FGREP='/bin/grep -F'
GREP='/bin/grep'
HAVE_CXX11='1'
INSTALL_DATA='${INSTALL} -m 644'
INSTALL_PROGRAM='${INSTALL}'
INSTALL_SCRIPT='${INSTALL}'
INSTALL_STRIP_PROGRAM='$(install_sh) -c -s'
LD='/usr/bin/x86_64-linux-gnu-ld -m elf_x86_64'
LDFLAGS=''
LIBOBJS=''
LIBS='-lpthread -lnanomsg -lJudy '
LIBTOOL='$(SHELL) $(top_builddir)/libtool'
LIPO=''
LN_S='ln -s'
LTLIBOBJS=''
LT_SYS_LIBRARY_PATH=''
MAKEINFO='${SHELL} /home/rakesh/Documents/switch/p4-build/missing makeinfo'
MANIFEST_TOOL=':'
MKDIR_P='/bin/mkdir -p'
MY_PYTHONPATH='/usr/local/lib/python2.7/dist-packages'
NM='/usr/bin/nm -B'
NMEDIT=''
OBJDUMP='objdump'
OBJEXT='o'
OTOOL64=''
OTOOL=''
P4C_BM='/usr/local/bin/p4c-bmv2'
P4C_BM_FLAGS=''
P4THRIFT_FALSE=''
P4THRIFT_TRUE='#'
P4_NAME='switch'
P4_PATH='/home/rakesh/Documents/switch/p4src/switch.p4'
P4_PREFIX='dc'
PACKAGE='p4-build'
PACKAGE_BUGREPORT='antonin@barefootnetworks.com'
PACKAGE_NAME='p4-build'
PACKAGE_STRING='p4-build 0.1'
PACKAGE_TARNAME='p4-build'
PACKAGE_URL=''
PACKAGE_VERSION='0.1'
PATH_SEPARATOR=':'
PYTHON='/usr/bin/python'
PYTHON_EXEC_PREFIX='${exec_prefix}'
PYTHON_PLATFORM='linux2'
PYTHON_PREFIX='${prefix}'
PYTHON_VERSION='2.7'
RANLIB='ranlib'
SED='/bin/sed'
SET_MAKE=''
SHELL='/bin/bash'
STRIP='strip'
THRIFT='/usr/local/bin/thrift'
THRIFT_LIB='-lthrift'
VERSION='0.1'
WITH_BMV2_FALSE='#'
WITH_BMV2_TRUE=''
ac_ct_AR='ar'
ac_ct_CC='gcc'
ac_ct_CXX='g++'
ac_ct_DUMPBIN=''
am__EXEEXT_FALSE=''
am__EXEEXT_TRUE='#'
am__fastdepCC_FALSE='#'
am__fastdepCC_TRUE=''
am__fastdepCXX_FALSE='#'
am__fastdepCXX_TRUE=''
am__include='include'
am__isrc=''
am__leading_dot='.'
am__nodep='_no'
am__quote=''
am__tar='$${TAR-tar} chof - "$$tardir"'
am__untar='$${TAR-tar} xf -'
bindir='${exec_prefix}/bin'
build='x86_64-pc-linux-gnu'
build_alias=''
build_cpu='x86_64'
build_os='linux-gnu'
build_vendor='pc'
datadir='${datarootdir}'
datarootdir='${prefix}/share'
docdir='${datarootdir}/doc/${PACKAGE_TARNAME}'
dvidir='${docdir}'
exec_prefix='${prefix}'
host='x86_64-pc-linux-gnu'
host_alias=''
host_cpu='x86_64'
host_os='linux-gnu'
host_vendor='pc'
htmldir='${docdir}'
includedir='${prefix}/include'
infodir='${datarootdir}/info'
install_sh='${SHELL} /home/rakesh/Documents/switch/p4-build/install-sh'
libdir='${exec_prefix}/lib'
libexecdir='${exec_prefix}/libexec'
localedir='${datarootdir}/locale'
localstatedir='${prefix}/var'
mandir='${datarootdir}/man'
mkdir_p='$(MKDIR_P)'
oldincludedir='/usr/include'
pdfdir='${docdir}'
pkgpyexecdir='${pyexecdir}/p4-build'
pkgpythondir='${pythondir}/p4-build'
prefix='/usr/local'
program_transform_name='s,x,x,'
psdir='${docdir}'
pyexecdir='${exec_prefix}/lib/python2.7/dist-packages'
pythondir='${prefix}/lib/python2.7/dist-packages'
runstatedir='${localstatedir}/run'
sbindir='${exec_prefix}/sbin'
sharedstatedir='${prefix}/com'
sysconfdir='${prefix}/etc'
target_alias=''

## ----------- ##
## confdefs.h. ##
## ----------- ##

/* confdefs.h */
#define PACKAGE_NAME "p4-build"
#define PACKAGE_TARNAME "p4-build"
#define PACKAGE_VERSION "0.1"
#define PACKAGE_STRING "p4-build 0.1"
#define PACKAGE_BUGREPORT "antonin@barefootnetworks.com"
#define PACKAGE_URL ""
#define PACKAGE "p4-build"
#define VERSION "0.1"
#define STDC_HEADERS 1
#define HAVE_SYS_TYPES_H 1
#define HAVE_SYS_STAT_H 1
#define HAVE_STDLIB_H 1
#define HAVE_STRING_H 1
#define HAVE_MEMORY_H 1
#define HAVE_STRINGS_H 1
#define HAVE_INTTYPES_H 1
#define HAVE_STDINT_H 1
#define HAVE_UNISTD_H 1
#define HAVE_DLFCN_H 1
#define LT_OBJDIR ".libs/"
#define HAVE_CXX11 1
#define HAVE_ALGORITHM 1
#define HAVE_ARRAY 1
#define HAVE_CASSERT 1
#define HAVE_CMATH 1
#define HAVE_QUEUE 1
#define HAVE_CSTDIO 1
#define HAVE_STRING 1
#define HAVE_SYS_STAT_H 1
#define HAVE_SYS_TYPES_H 1
#define HAVE_CTIME 1
#define HAVE_TUPLE 1
#define HAVE_UNISTD_H 1
#define HAVE_UNORDERED_MAP 1
#define HAVE_UTILITY 1
#define HAVE_VECTOR 1
#define HAVE_LIBJUDY 1
#define HAVE_LIBNANOMSG 1
#define HAVE_LIBPTHREAD 1

configure: exit 0
